<?xml version="1.0" encoding="utf-8"?><testsuites name="pytest tests"><testsuite name="pytest" errors="0" failures="0" skipped="0" tests="16" time="10.630" timestamp="2026-08-27T08:35:21.208864+00:00" hostname="agent-env-e4cafd96-ef2a-4678-bd70-83b5d6ddc8b2"><testcase classname="tests.test_new_features.TestUsersList" name="test_admin_lists_users_with_plain_password" time="0.974" /><testcase classname="tests.test_new_features.TestNewRoles" name="test_create_and_login[pengawas]" time="3.154" /><testcase classname="tests.test_new_features.TestUsersList" name="test_direktur_cannot_list_users" time="1.062" /><testcase classname="tests.test_new_features.TestUsersList" name="test_bendahara_cannot_list_users" time="0.907" /><testcase classname="tests.test_new_features.TestResetPassword" name="test_reset_and_restore_riska" time="2.973" /><testcase classname="tests.test_new_features.TestNewRoles" name="test_create_and_login[penasihat]" time="2.254" /><testcase classname="tests.test_new_features.TestNewRoles" name="test_can_read_reports[pengawas]" time="1.323" /><testcase classname="tests.test_new_features.TestResetPassword" name="test_reset_too_short" time="0.358" /><testcase classname="tests.test_new_features.TestResetPassword" name="test_reset_non_admin_forbidden" time="0.345" /><testcase classname="tests.test_new_features.TestRevenueShareDelete" name="test_create_then_delete" time="0.663" /><testcase classname="tests.test_new_features.TestNewRoles" name="test_can_read_reports[penasihat]" time="1.093" /><testcase classname="tests.test_new_features.TestZCleanup" name="test_delete_test_users" time="0.702" /><testcase classname="tests.test_new_features.TestNewRoles" name="test_cannot_write[pengawas]" time="0.691" /><testcase classname="tests.test_new_features.TestNewRoles" name="test_cannot_write[penasihat]" time="0.621" /><testcase classname="tests.test_new_features.TestNewRoles" name="test_cannot_list_users[pengawas]" time="0.154" /><testcase classname="tests.test_new_features.TestNewRoles" name="test_cannot_list_users[penasihat]" time="0.205" /></testsuite></testsuites>