<?xml version="1.0" encoding="utf-8"?><testsuites name="pytest tests"><testsuite name="pytest" errors="0" failures="0" skipped="0" tests="12" time="7.528" timestamp="2026-08-27T08:42:10.712312+00:00" hostname="agent-env-e4cafd96-ef2a-4678-bd70-83b5d6ddc8b2"><testcase classname="tests.test_iter3_readonly.TestWriteRolesCanStillPost" name="test_post_transaction_ok[admin]" time="1.719" /><testcase classname="tests.test_iter3_readonly.TestWriteRolesCanStillPost" name="test_post_transaction_ok[direktur]" time="1.041" /><testcase classname="tests.test_iter3_readonly.TestWriteRolesCanStillPost" name="test_post_transaction_ok[bendahara]" time="1.485" /><testcase classname="tests.test_iter3_readonly.TestWriteRolesCanStillPost" name="test_post_mitra_ok[admin]" time="0.581" /><testcase classname="tests.test_iter3_readonly.TestReadonlyBlockedFromPost" name="test_post_transaction_forbidden[pengawas]" time="4.883" /><testcase classname="tests.test_iter3_readonly.TestWriteRolesCanStillPost" name="test_post_mitra_ok[direktur]" time="0.484" /><testcase classname="tests.test_iter3_readonly.TestReadonlyBlockedFromPost" name="test_post_transaction_forbidden[penasihat]" time="0.159" /><testcase classname="tests.test_iter3_readonly.TestReadonlyBlockedFromPost" name="test_post_mitra_forbidden[pengawas]" time="0.172" /><testcase classname="tests.test_iter3_readonly.TestReadonlyBlockedFromPost" name="test_post_mitra_forbidden[penasihat]" time="0.155" /><testcase classname="tests.test_iter3_readonly.TestWriteRolesCanStillPost" name="test_post_mitra_ok[bendahara]" time="0.478" /><testcase classname="tests.test_iter3_readonly.TestReadonlyBlockedFromPost" name="test_reports_still_readable[pengawas]" time="0.338" /><testcase classname="tests.test_iter3_readonly.TestReadonlyBlockedFromPost" name="test_reports_still_readable[penasihat]" time="0.786" /></testsuite></testsuites>