<?xml version="1.0" encoding="utf-8"?><testsuites name="pytest tests"><testsuite name="pytest" errors="0" failures="0" skipped="0" tests="17" time="14.466" timestamp="2026-08-28T08:05:13.437608+00:00" hostname="agent-env-e4cafd96-ef2a-4678-bd70-83b5d6ddc8b2"><testcase classname="tests.test_iter4_bigrevisions.TestExcelImport" name="test_bendahara_import_ok" time="1.995" /><testcase classname="tests.test_iter4_bigrevisions.TestExcelImport" name="test_import_bad_type" time="1.220" /><testcase classname="tests.test_iter4_bigrevisions.TestUpdateTransaction" name="test_admin_can_edit" time="0.864" /><testcase classname="tests.test_iter4_bigrevisions.TestUpdateTransaction" name="test_pengelola_cant_edit_other_unit" time="2.446" /><testcase classname="tests.test_iter4_bigrevisions.TestAccountsRBAC" name="test_put_delete_admin_only" time="2.022" /><testcase classname="tests.test_iter4_bigrevisions.TestAccountsRBAC" name="test_delete_fails_if_used" time="0.216" /><testcase classname="tests.test_iter4_bigrevisions.TestTxTypesCRUD" name="test_admin_crud" time="1.108" /><testcase classname="tests.test_iter4_bigrevisions.TestTxTypesCRUD" name="test_seed_has_unit_codes" time="0.169" /><testcase classname="tests.test_iter4_bigrevisions.TestReportsSorting" name="test_arus_kas_sorted" time="0.275" /><testcase classname="tests.test_iter4_bigrevisions.TestReportsSorting" name="test_per_unit_sorted" time="0.199" /><testcase classname="tests.test_iter4_bigrevisions.TestDashboardFilter" name="test_date_range_param" time="0.196" /><testcase classname="tests.test_iter4_bigrevisions.TestPDFSignatures" name="test_pdf_content[/reports/laba-rugi/pdf-params0]" time="0.390" /><testcase classname="tests.test_iter4_bigrevisions.TestPDFSignatures" name="test_pdf_content[/reports/neraca/pdf-params1]" time="0.381" /><testcase classname="tests.test_iter4_bigrevisions.TestPDFSignatures" name="test_pdf_content[/reports/arus-kas/pdf-params2]" time="0.395" /><testcase classname="tests.test_iter4_bigrevisions.TestPDFSignatures" name="test_pdf_content[/reports/perubahan-ekuitas/pdf-params3]" time="0.375" /><testcase classname="tests.test_iter4_bigrevisions.TestPDFSignatures" name="test_pdf_content[/reports/per-unit/pdf-params4]" time="0.399" /><testcase classname="tests.test_iter4_bigrevisions.TestPDFSignatures" name="test_pdf_content[/reports/calk/pdf-params5]" time="0.678" /></testsuite></testsuites>