<?xml version="1.0" encoding="utf-8"?><testsuites name="pytest tests"><testsuite name="pytest" errors="0" failures="2" skipped="0" tests="49" time="24.396" timestamp="2026-08-27T08:35:36.088311+00:00" hostname="agent-env-e4cafd96-ef2a-4678-bd70-83b5d6ddc8b2"><testcase classname="tests.backend_test.TestReports" name="test_dashboard" time="0.789" /><testcase classname="tests.test_new_features.TestNewRoles" name="test_create_and_login[pengawas]" time="2.710" /><testcase classname="tests.backend_test.TestReports" name="test_laba_rugi" time="1.155" /><testcase classname="tests.backend_test.TestReports" name="test_neraca" time="0.176" /><testcase classname="tests.backend_test.TestReports" name="test_arus_kas" time="0.369" /><testcase classname="tests.backend_test.TestReports" name="test_perubahan_ekuitas" time="0.197" /><testcase classname="tests.backend_test.TestReports" name="test_per_unit" time="0.160" /><testcase classname="tests.test_new_features.TestNewRoles" name="test_create_and_login[penasihat]" time="2.308" /><testcase classname="tests.backend_test.TestReports" name="test_calk" time="0.149" /><testcase classname="tests.backend_test.TestAuth" name="test_login_admin" time="0.891" /><testcase classname="tests.backend_test.TestAuth" name="test_login_direktur" time="1.109" /><testcase classname="tests.backend_test.TestAuth" name="test_login_bendahara" time="0.642" /><testcase classname="tests.test_new_features.TestNewRoles" name="test_can_read_reports[pengawas]" time="1.785" /><testcase classname="tests.backend_test.TestAuth" name="test_login_invalid" time="0.637" /><testcase classname="tests.backend_test.TestAuth" name="test_me" time="0.191" /><testcase classname="tests.backend_test.TestAuth" name="test_me_no_token" time="0.226" /><testcase classname="tests.backend_test.TestPDF" name="test_pdf[laba-rugi-params0]" time="0.240" /><testcase classname="tests.test_new_features.TestNewRoles" name="test_can_read_reports[penasihat]" time="1.338" /><testcase classname="tests.backend_test.TestPDF" name="test_pdf[neraca-params1]" time="0.225" /><testcase classname="tests.backend_test.TestPDF" name="test_pdf[arus-kas-params2]" time="0.288" /><testcase classname="tests.backend_test.TestPDF" name="test_pdf[perubahan-ekuitas-params3]" time="0.238" /><testcase classname="tests.backend_test.TestPDF" name="test_pdf[per-unit-params4]" time="0.273" /><testcase classname="tests.backend_test.TestPDF" name="test_pdf[calk-params5]" time="0.339" /><testcase classname="tests.test_new_features.TestNewRoles" name="test_cannot_write[pengawas]" time="0.923" /><testcase classname="tests.backend_test.TestTransactions" name="test_setup_get_unit_ids" time="0.254" /><testcase classname="tests.backend_test.TestTransactions" name="test_create_tx_as_bendahara" time="0.206" /><testcase classname="tests.backend_test.TestTransactions" name="test_create_tx_beban" time="0.356" /><testcase classname="tests.test_new_features.TestNewRoles" name="test_cannot_write[penasihat]" time="1.420" /><testcase classname="tests.backend_test.TestTransactions" name="test_list_transactions" time="0.337" /><testcase classname="tests.backend_test.TestRBAC" name="test_bendahara_cannot_register" time="0.433" /><testcase classname="tests.backend_test.TestRBAC" name="test_admin_can_register_pengelola" time="1.184" /><testcase classname="tests.test_new_features.TestNewRoles" name="test_cannot_list_users[pengawas]" time="0.611" /><testcase classname="tests.test_new_features.TestNewRoles" name="test_cannot_list_users[penasihat]" time="0.335" /><testcase classname="tests.backend_test.TestRBAC" name="test_register_pengelola_without_unit_fails" time="0.327" /><testcase classname="tests.backend_test.TestRBAC" name="test_pengelola_scoped_transactions" time="1.867" /><testcase classname="tests.backend_test.TestSeedData" name="test_unit_usaha_seeded" time="1.233" /><testcase classname="tests.backend_test.TestSeedData" name="test_accounts_seeded" time="0.345" /><testcase classname="tests.backend_test.TestSeedData" name="test_transaction_types" time="0.222" /><testcase classname="tests.test_new_features.TestResetPassword" name="test_reset_and_restore_riska" time="5.425" /><testcase classname="tests.test_new_features.TestUsersList" name="test_admin_lists_users_with_plain_password" time="1.312"><failure message="AssertionError: assert 'testreset123' == 'bendahara123'&#10;  &#10;  - bendahara123&#10;  + testreset123">E   AssertionError: assert 'testreset123' == 'bendahara123'
      
      - bendahara123
      + testreset123</failure></testcase><testcase classname="tests.test_new_features.TestUsersList" name="test_direktur_cannot_list_users" time="1.463" /><testcase classname="tests.test_new_features.TestUsersList" name="test_bendahara_cannot_list_users" time="0.901"><failure message="AssertionError: {&quot;detail&quot;:&quot;Username atau password salah&quot;}&#10;assert 401 == 200&#10; +  where 401 = &lt;Response [401]&gt;.status_code">E   AssertionError: {"detail":"Username atau password salah"}
    assert 401 == 200
     +  where 401 = &lt;Response [401]&gt;.status_code</failure></testcase><testcase classname="tests.backend_test.TestMitra" name="test_create_mitra" time="1.685" /><testcase classname="tests.test_new_features.TestResetPassword" name="test_reset_too_short" time="0.950" /><testcase classname="tests.backend_test.TestMitra" name="test_filter_mitra" time="1.044" /><testcase classname="tests.test_new_features.TestResetPassword" name="test_reset_non_admin_forbidden" time="1.676" /><testcase classname="tests.backend_test.TestRevenueShare" name="test_create" time="1.156" /><testcase classname="tests.test_new_features.TestZCleanup" name="test_delete_test_users" time="1.492" /><testcase classname="tests.test_new_features.TestRevenueShareDelete" name="test_create_then_delete" time="1.518" /></testsuite></testsuites>