<?xml version="1.0" encoding="utf-8"?><testsuites name="pytest tests"><testsuite name="pytest" errors="0" failures="0" skipped="0" tests="15" time="19.870" timestamp="2026-08-28T08:13:58.237268+00:00" hostname="agent-env-e4cafd96-ef2a-4678-bd70-83b5d6ddc8b2"><testcase classname="tests.test_iter5_logo" name="test_backend_logo_png_exists" time="0.001" /><testcase classname="tests.test_iter5_logo" name="test_login_all_roles[admin-admin123]" time="1.006" /><testcase classname="tests.test_iter5_logo" name="test_login_all_roles[budianto-direktur123]" time="0.813" /><testcase classname="tests.test_iter5_logo" name="test_login_all_roles[riska-bendahara123]" time="0.735" /><testcase classname="tests.test_iter5_logo" name="test_dashboard" time="0.927" /><testcase classname="tests.test_iter5_logo" name="test_pdf_endpoint[laba-rugi-params0]" time="2.070" /><testcase classname="tests.test_iter5_logo" name="test_pdf_endpoint[neraca-params1]" time="1.965" /><testcase classname="tests.test_iter5_logo" name="test_pdf_endpoint[arus-kas-params2]" time="1.879" /><testcase classname="tests.test_iter5_logo" name="test_pdf_endpoint[perubahan-ekuitas-params3]" time="1.884" /><testcase classname="tests.test_iter5_logo" name="test_pdf_endpoint[per-unit-params4]" time="1.999" /><testcase classname="tests.test_iter5_logo" name="test_pdf_endpoint[calk-params5]" time="1.815" /><testcase classname="tests.test_iter5_logo" name="test_list_accounts" time="0.288" /><testcase classname="tests.test_iter5_logo" name="test_list_transactions" time="0.300" /><testcase classname="tests.test_iter5_logo" name="test_list_users" time="0.292" /><testcase classname="tests.test_iter5_logo" name="test_list_transaction_types" time="0.300" /></testsuite></testsuites>