<?xml version="1.0" encoding="utf-8"?><testsuites name="pytest tests"><testsuite name="pytest" errors="0" failures="0" skipped="0" tests="33" time="10.640" timestamp="2026-08-27T07:24:15.428001+00:00" hostname="agent-env-e4cafd96-ef2a-4678-bd70-83b5d6ddc8b2"><testcase classname="tests.backend_test.TestAuth" name="test_login_admin" time="1.017" /><testcase classname="tests.backend_test.TestReports" name="test_dashboard" time="2.261" /><testcase classname="tests.backend_test.TestAuth" name="test_login_direktur" time="1.160" /><testcase classname="tests.backend_test.TestAuth" name="test_login_bendahara" time="0.548" /><testcase classname="tests.backend_test.TestReports" name="test_laba_rugi" time="1.114" /><testcase classname="tests.backend_test.TestAuth" name="test_login_invalid" time="0.637" /><testcase classname="tests.backend_test.TestAuth" name="test_me" time="0.636" /><testcase classname="tests.backend_test.TestReports" name="test_neraca" time="0.494" /><testcase classname="tests.backend_test.TestReports" name="test_arus_kas" time="0.218" /><testcase classname="tests.backend_test.TestAuth" name="test_me_no_token" time="0.153" /><testcase classname="tests.backend_test.TestReports" name="test_perubahan_ekuitas" time="0.208" /><testcase classname="tests.backend_test.TestPDF" name="test_pdf[laba-rugi-params0]" time="0.771" /><testcase classname="tests.backend_test.TestReports" name="test_per_unit" time="0.329" /><testcase classname="tests.backend_test.TestReports" name="test_calk" time="0.172" /><testcase classname="tests.backend_test.TestTransactions" name="test_setup_get_unit_ids" time="0.185" /><testcase classname="tests.backend_test.TestPDF" name="test_pdf[neraca-params1]" time="0.195" /><testcase classname="tests.backend_test.TestTransactions" name="test_create_tx_as_bendahara" time="0.165" /><testcase classname="tests.backend_test.TestPDF" name="test_pdf[arus-kas-params2]" time="0.260" /><testcase classname="tests.backend_test.TestTransactions" name="test_create_tx_beban" time="0.232" /><testcase classname="tests.backend_test.TestTransactions" name="test_list_transactions" time="0.144" /><testcase classname="tests.backend_test.TestPDF" name="test_pdf[perubahan-ekuitas-params3]" time="0.218" /><testcase classname="tests.backend_test.TestRBAC" name="test_bendahara_cannot_register" time="0.164" /><testcase classname="tests.backend_test.TestPDF" name="test_pdf[per-unit-params4]" time="0.212" /><testcase classname="tests.backend_test.TestRBAC" name="test_admin_can_register_pengelola" time="0.274" /><testcase classname="tests.backend_test.TestPDF" name="test_pdf[calk-params5]" time="0.243" /><testcase classname="tests.backend_test.TestRBAC" name="test_register_pengelola_without_unit_fails" time="0.160" /><testcase classname="tests.backend_test.TestSeedData" name="test_unit_usaha_seeded" time="0.173" /><testcase classname="tests.backend_test.TestRBAC" name="test_pengelola_scoped_transactions" time="0.821" /><testcase classname="tests.backend_test.TestSeedData" name="test_accounts_seeded" time="0.375" /><testcase classname="tests.backend_test.TestSeedData" name="test_transaction_types" time="0.156" /><testcase classname="tests.backend_test.TestRevenueShare" name="test_create" time="0.376" /><testcase classname="tests.backend_test.TestMitra" name="test_create_mitra" time="0.270" /><testcase classname="tests.backend_test.TestMitra" name="test_filter_mitra" time="0.297" /></testsuite></testsuites>